app/manifest-merger-release-report.txt
-- Merging decision tree log ---
manifest
ADDED from AndroidManifest.xml:2:1
	xmlns:android
		ADDED from AndroidManifest.xml:2:11
	package
		ADDED from AndroidManifest.xml:3:5
		INJECTED from AndroidManifest.xml:0:0
		INJECTED from AndroidManifest.xml:0:0
	android:versionName
		INJECTED from AndroidManifest.xml:0:0
		INJECTED from AndroidManifest.xml:0:0
	android:versionCode
		INJECTED from AndroidManifest.xml:0:0
		INJECTED from AndroidManifest.xml:0:0
uses-permission#android.permission.INTERNET
ADDED from AndroidManifest.xml:6:5
	android:name
		ADDED from AndroidManifest.xml:6:22
uses-permission#android.permission.ACCESS_COARSE_LOCATION
ADDED from AndroidManifest.xml:9:5
	android:name
		ADDED from AndroidManifest.xml:9:22
uses-permission#android.permission.ACCESS_FINE_LOCATION
ADDED from AndroidManifest.xml:10:5
	android:name
		ADDED from AndroidManifest.xml:10:22
uses-permission#android.permission.ACCESS_NETWORK_STATE
ADDED from AndroidManifest.xml:13:5
	android:name
		ADDED from AndroidManifest.xml:13:22
uses-permission#android.permission.RECEIVE_BOOT_COMPLETED
ADDED from AndroidManifest.xml:17:5
	android:name
		ADDED from AndroidManifest.xml:17:22
uses-permission#android.permission.WAKE_LOCK
ADDED from AndroidManifest.xml:20:5
	android:name
		ADDED from AndroidManifest.xml:20:22
uses-permission#com.google.android.c2dm.permission.RECEIVE
ADDED from AndroidManifest.xml:21:5
	android:name
		ADDED from AndroidManifest.xml:21:22
uses-permission#com.google.android.c2dm.permission.REGISTER
ADDED from AndroidManifest.xml:22:5
	android:name
		ADDED from AndroidManifest.xml:22:22
uses-permission#android.permission.USE_CREDENTIALS
ADDED from AndroidManifest.xml:28:5
	android:name
		ADDED from AndroidManifest.xml:28:22
uses-permission#android.permission.GET_ACCOUNTS
ADDED from AndroidManifest.xml:31:5
	android:name
		ADDED from AndroidManifest.xml:31:22
uses-permission#android.permission.READ_PROFILE
ADDED from AndroidManifest.xml:34:5
	android:name
		ADDED from AndroidManifest.xml:34:22
uses-permission#android.permission.READ_CONTACTS
ADDED from AndroidManifest.xml:35:5
	android:name
		ADDED from AndroidManifest.xml:35:22
application
ADDED from AndroidManifest.xml:37:5
MERGED from com.android.support:support-v4:20.0.0:17:5
MERGED from com.android.support:appcompat-v7:20.0.0:17:5
MERGED from com.android.support:support-v4:20.0.0:17:5
MERGED from com.github.satyan:sugar:1.3:11:5
MERGED from com.android.support:support-v4:20.0.0:17:5
	android:label
		ADDED from AndroidManifest.xml:41:9
	android:allowBackup
		ADDED from AndroidManifest.xml:39:9
	android:icon
		ADDED from AndroidManifest.xml:40:9
	android:theme
		ADDED from AndroidManifest.xml:42:9
	android:name
		ADDED from AndroidManifest.xml:38:9
meta-data#DATABASE
ADDED from AndroidManifest.xml:43:9
	android:name
		ADDED from AndroidManifest.xml:44:13
	android:value
		ADDED from AndroidManifest.xml:45:13
meta-data#VERSION
ADDED from AndroidManifest.xml:46:9
	android:name
		ADDED from AndroidManifest.xml:47:13
	android:value
		ADDED from AndroidManifest.xml:48:13
meta-data#QUERY_LOG
ADDED from AndroidManifest.xml:49:9
	android:name
		ADDED from AndroidManifest.xml:50:13
	android:value
		ADDED from AndroidManifest.xml:51:13
meta-data#DOMAIN_PACKAGE_NAME
ADDED from AndroidManifest.xml:52:9
	android:name
		ADDED from AndroidManifest.xml:53:13
	android:value
		ADDED from AndroidManifest.xml:54:13
activity#us.alerted.alerted.MainActivity
ADDED from AndroidManifest.xml:56:9
	android:label
		ADDED from AndroidManifest.xml:58:13
	android:name
		ADDED from AndroidManifest.xml:57:13
intent-filter#android.intent.action.MAIN+android.intent.category.LAUNCHER
ADDED from AndroidManifest.xml:59:13
action#android.intent.action.MAIN
ADDED from AndroidManifest.xml:60:17
	android:name
		ADDED from AndroidManifest.xml:60:25
category#android.intent.category.LAUNCHER
ADDED from AndroidManifest.xml:62:17
	android:name
		ADDED from AndroidManifest.xml:62:27
meta-data#com.google.android.gms.version
ADDED from AndroidManifest.xml:66:9
	android:name
		ADDED from AndroidManifest.xml:67:13
	android:value
		ADDED from AndroidManifest.xml:68:13
service#us.alerted.alerted.LocationService
ADDED from AndroidManifest.xml:70:9
	android:label
		ADDED from AndroidManifest.xml:74:13
	android:exported
		ADDED from AndroidManifest.xml:73:13
	android:enabled
		ADDED from AndroidManifest.xml:72:13
	android:name
		ADDED from AndroidManifest.xml:71:13
receiver#us.alerted.alerted.BootCompletedReceiver
ADDED from AndroidManifest.xml:77:9
	android:name
		ADDED from AndroidManifest.xml:77:19
intent-filter#android.intent.action.BOOT_COMPLETED
ADDED from AndroidManifest.xml:78:13
action#android.intent.action.BOOT_COMPLETED
ADDED from AndroidManifest.xml:79:17
	android:name
		ADDED from AndroidManifest.xml:79:25
activity#us.alerted.alerted.LoginActivity
ADDED from AndroidManifest.xml:83:9
	android:windowSoftInputMode
		ADDED from AndroidManifest.xml:87:13
	android:noHistory
		ADDED from AndroidManifest.xml:86:13
	android:label
		ADDED from AndroidManifest.xml:85:13
	android:name
		ADDED from AndroidManifest.xml:84:13
service#us.alerted.alerted.NotificationService
ADDED from AndroidManifest.xml:90:9
	android:label
		ADDED from AndroidManifest.xml:92:13
	android:name
		ADDED from AndroidManifest.xml:91:13
intent-filter#us.alerted.alerted+us.alerted.alerted.ExternalReceiver+us.alerted.alerted.LoginActivity+us.alerted.alerted.MainActivity
ADDED from AndroidManifest.xml:93:13
action#us.alerted.alerted.MainActivity
ADDED from AndroidManifest.xml:94:17
	android:name
		ADDED from AndroidManifest.xml:94:25
action#us.alerted.alerted.ExternalReceiver
ADDED from AndroidManifest.xml:95:17
	android:name
		ADDED from AndroidManifest.xml:95:25
action#us.alerted.alerted.LoginActivity
ADDED from AndroidManifest.xml:96:17
	android:name
		ADDED from AndroidManifest.xml:96:25
category#us.alerted.alerted
ADDED from AndroidManifest.xml:98:17
	android:name
		ADDED from AndroidManifest.xml:98:27
receiver#us.alerted.alerted.ExternalReceiver
ADDED from AndroidManifest.xml:102:9
	android:permission
		ADDED from AndroidManifest.xml:104:13
	android:name
		ADDED from AndroidManifest.xml:103:13
intent-filter#com.google.android.c2dm.intent.RECEIVE+com.google.android.c2dm.intent.REGISTER+com.google.android.c2dm.intent.REGISTRATION+us.alerted.alerted
ADDED from AndroidManifest.xml:105:13
action#com.google.android.c2dm.intent.RECEIVE
ADDED from AndroidManifest.xml:106:17
	android:name
		ADDED from AndroidManifest.xml:106:25
action#com.google.android.c2dm.intent.REGISTRATION
ADDED from AndroidManifest.xml:107:17
	android:name
		ADDED from AndroidManifest.xml:107:25
action#com.google.android.c2dm.intent.REGISTER
ADDED from AndroidManifest.xml:108:17
	android:name
		ADDED from AndroidManifest.xml:108:25
activity#us.alerted.alerted.SignupActivity
ADDED from AndroidManifest.xml:114:9
	android:label
		ADDED from AndroidManifest.xml:116:13
	android:name
		ADDED from AndroidManifest.xml:115:13
activity#us.alerted.alerted.MainDetailActivity
ADDED from AndroidManifest.xml:118:9
	android:label
		ADDED from AndroidManifest.xml:120:13
	android:parentActivityName
		ADDED from AndroidManifest.xml:121:13
	android:name
		ADDED from AndroidManifest.xml:119:13
meta-data#android.support.PARENT_ACTIVITY
ADDED from AndroidManifest.xml:122:13
	android:name
		ADDED from AndroidManifest.xml:123:17
	android:value
		ADDED from AndroidManifest.xml:124:17
uses-sdk
INJECTED from AndroidManifest.xml:0:0 reason: use-sdk injection requested
MERGED from com.google.android.gms:play-services:4.2.42:7:5
MERGED from com.android.support:support-v4:20.0.0:16:5
MERGED from com.android.support:appcompat-v7:20.0.0:16:5
MERGED from com.android.support:support-v4:20.0.0:16:5
MERGED from com.github.satyan:sugar:1.3:7:5
MERGED from com.android.support:support-v4:20.0.0:16:5
	android:targetSdkVersion
		INJECTED from AndroidManifest.xml:0:0
		INJECTED from AndroidManifest.xml:0:0
	android:minSdkVersion
		INJECTED from AndroidManifest.xml:0:0
		INJECTED from AndroidManifest.xml:0:0